nohup: ignoring input
/usr/local/lib/python3.10/dist-packages/torchvision/io/image.py:13: UserWarning: Failed to load image Python extension: '/usr/local/lib/python3.10/dist-packages/torchvision/image.so: undefined symbol: _ZN3c104cuda9SetDeviceEi'If you don't plan on using image functionality from `torchvision.io`, you can ignore this warning. Otherwise, there might be something wrong with your environment. Did you have `libjpeg` or `libpng` installed before building `torchvision` from source?
  warn(
Warning: Ignoring XDG_SESSION_TYPE=wayland on Gnome. Use QT_QPA_PLATFORM=wayland to run on Wayland anyway.
0
1
2
3
4
5
6
7
8
9
10
11
12
13
14
15
16
17
18
19
20
21
22
23
24
25
26
27
28
29
30
31
32
33
34
35
36
37
38
39
40
41
42
43
44
45
46
47
48
49
50
51
52
53
54
55
56
57
58
59
60
61
62
63
64
65
66
67
68
69
70
71
72
73
74
75
76
77
78
79
80
81
82
83
84
85
86
87
88
89
90
91
92
93
94
95
96
97
98
99
100
101
102
103
104
105
106
107
108
109
110
111
112
113
114
115
116
117
118
119
120
121
122
123
124
125
126
127
128
129
130
131
132
133
134
135
136
137
138
139
140
141
142
143
144
145
146
147
148
149
150
151
152
153
154
155
156
157
158
159
160
161
162
163
164
165
166
167
168
169
170
171
172
173
174
175
176
177
178
179
180
181
182
183
184
185
186
187
188
189
190
191
192
193
194
195
196
197
198
199
0
1
2
3
4
5
6
7
8
9
10
11
12
13
14
15
16
17
18
19
20
21
22
23
24
25
26
27
28
29
30
31
32
33
34
35
36
37
38
39
40
41
42
43
44
45
46
47
48
49
50
51
52
53
54
55
56
57
58
59
60
61
62
63
64
65
66
67
68
69
70
71
72
73
74
75
76
77
78
79
80
81
82
83
84
85
86
87
88
89
90
91
92
93
94
95
96
97
98
99
100
101
102
103
104
105
106
107
108
109
110
111
112
113
114
115
116
117
118
119
120
121
122
123
124
125
126
127
128
129
130
131
132
133
134
135
136
137
138
139
140
141
142
143
144
145
146
147
148
149
150
151
152
153
154
155
156
157
158
159
160
161
162
163
164
165
166
167
168
169
170
171
172
173
174
175
176
177
178
179
180
181
182
183
184
185
186
187
188
189
190
191
192
193
194
195
196
197
198
199
0
1
2
3
4
5
6
7
8
9
10
11
12
13
14
15
16
17
18
19
20
21
22
23
24
25
26
27
28
29
30
31
32
33
34
35
36
37
38
39
40
41
42
43
44
45
46
47
48
49
50
51
52
53
54
55
56
57
58
59
60
61
62
63
64
65
66
67
68
69
70
71
72
73
74
75
76
77
78
79
80
81
82
83
84
85
86
87
88
89
90
91
92
93
94
95
96
97
98
99
100
101
102
103
104
105
106
107
108
109
110
111
112
113
114
115
116
117
118
119
120
121
122
123
124
125
126
127
128
129
130
131
132
133
134
135
136
137
138
139
140
141
142
143
144
145
146
147
148
149
150
151
152
153
154
155
156
157
158
159
160
161
162
163
164
165
166
167
168
169
170
171
172
173
174
175
176
177
178
179
180
181
182
183
184
185
186
187
188
189
190
191
192
193
194
195
196
197
198
199
0
1
2
3
4
5
6
7
8
9
10
11
12
13
14
15
16
17
18
19
20
21
22
23
24
25
26
27
28
29
30
31
32
33
34
35
36
37
38
39
40
41
42
43
44
45
46
47
48
49
50
51
52
53
54
55
56
57
58
59
60
61
62
63
64
65
66
67
68
69
70
71
72
73
74
75
76
77
78
79
80
81
82
83
84
85
86
87
88
89
90
91
92
93
94
95
96
97
98
99
100
101
102
103
104
105
106
107
108
109
110
111
112
113
114
115
116
117
118
119
120
121
122
123
124
125
126
127
128
129
130
131
132
133
134
135
136
137
138
139
140
141
142
143
144
145
146
147
148
149
150
151
152
153
154
155
156
157
158
159
160
161
162
163
164
165
166
167
168
169
170
171
172
173
174
175
176
177
178
179
180
181
182
183
184
185
186
187
188
189
190
191
192
193
194
195
196
197
198
199
0
1
2
3
4
5
6
7
8
9
10
11
12
13
14
15
16
17
18
19
20
21
22
23
24
25
26
27
28
29
30
31
32
33
34
35
36
37
38
39
40
41
42
43
44
45
46
47
48
49
50
51
52
53
54
55
56
57
58
59
60
61
62
63
64
65
66
67
68
69
70
71
72
73
74
75
76
77
78
79
80
81
82
83
84
85
86
87
88
89
90
91
92
93
94
95
96
97
98
99
100
101
102
103
104
105
106
107
108
109
110
111
112
113
114
115
116
117
118
119
120
121
122
123
124
125
126
127
128
129
130
131
132
133
134
135
136
137
138
139
140
141
142
143
144
145
146
147
148
149
150
151
152
153
154
155
156
157
158
159
160
161
162
163
164
165
166
167
168
169
170
171
172
173
174
175
176
177
178
179
180
181
182
183
184
185
186
187
188
189
190
191
192
193
194
195
196
197
198
199
0
1
2
3
4
5
6
7
8
9
10
11
12
13
14
15
16
17
18
19
20
21
22
23
24
25
26
27
28
29
30
31
32
33
34
35
36
37
38
39
40
41
42
43
44
45
46
47
48
49
50
51
52
53
54
55
56
57
58
59
60
61
62
63
64
65
66
67
68
69
70
71
72
73
74
75
76
77
78
79
80
81
82
83
84
85
86
87
88
89
90
91
92
93
94
95
96
97
98
99
100
101
102
103
104
105
106
107
108
109
110
111
112
113
114
115
116
117
118
119
120
121
122
123
124
125
126
127
128
129
130
131
132
133
134
135
136
137
138
139
140
141
142
143
144
145
146
147
148
149
150
151
152
153
154
155
156
157
158
159
160
161
162
163
164
165
166
167
168
169
170
171
172
173
174
175
176
177
178
179
180
181
182
183
184
185
186
187
188
189
190
191
192
193
194
195
196
197
198
199
[[1.0812337005138397, 0.5880905961990357, 0.501137511730194, 0.46007529497146604, 0.43508312344551087, 0.41812630534172057, 0.4055741775035858, 0.3952674835920334, 0.38392730712890627, 0.375751776099205, 0.3670163118839264, 0.3628920978307724, 0.35508736431598664, 0.3465611618757248, 0.34135638296604154, 0.33611992657184603, 0.3330156469345093, 0.32789733946323396, 0.3203566205501556, 0.3178455251455307, 0.31398794174194333, 0.3086965537071228, 0.30557648539543153, 0.30010145008563993, 0.2941860002279282, 0.2912086683511734, 0.286842857003212, 0.2825169026851654, 0.28038515567779543, 0.27776292204856873, 0.2726497048139572, 0.26967731684446333, 0.2672251054644585, 0.26443777441978455, 0.2612450885772705, 0.2566474077105522, 0.2534769496321678, 0.2500540316104889, 0.24725131213665008, 0.24387627601623535, 0.24104356229305268, 0.23924985885620118, 0.23618529558181764, 0.23531778454780578, 0.23095087617635726, 0.2264162328839302, 0.2276101043820381, 0.22337484568357469, 0.21898906022310258, 0.21758575558662416, 0.2132343140244484, 0.2129543113708496, 0.2099405762553215, 0.20879175633192062, 0.2036346271634102, 0.20379360467195512, 0.2010678642988205, 0.19913277953863143, 0.19739306569099427, 0.19361317068338393, 0.19145393520593643, 0.18939419716596603, 0.18731783151626588, 0.1834144538640976, 0.1816693663597107, 0.18146732717752456, 0.17953890293836594, 0.17720468938350678, 0.1740747383236885, 0.1729060524702072, 0.17066092908382416, 0.16886824786663054, 0.16772495150566102, 0.16311004817485808, 0.1628747409582138, 0.16186639308929443, 0.16242312401533127, 0.15636549413204193, 0.157796011865139, 0.15355543822050094, 0.15141796708106994, 0.15334103614091874, 0.14828501492738724, 0.14627962455153465, 0.14555551573634148, 0.14400258287787437, 0.14349508941173553, 0.13932887896895407, 0.13796539530158042, 0.13627473399043083, 0.13354620441794396, 0.13666356071829797, 0.1313300846517086, 0.12944727525115013, 0.12783777400851248, 0.12745002463459967, 0.12561645328998566, 0.12444626852869987, 0.1255539360642433, 0.1212946517765522, 0.12076012328267098, 0.11861000955104828, 0.11732782796025276, 0.11594500795006751, 0.11404015138745308, 0.11399826541543007, 0.11054095938801765, 0.11140986144542694, 0.11003309682011604, 0.11027265936136246, 0.10852565780282021, 0.10419013664126396, 0.10191584393382072, 0.10197826474905014, 0.10039854183793068, 0.10283989071846009, 0.09737545892596244, 0.09964463129639625, 0.0968436323106289, 0.0997238278388977, 0.0927414108812809, 0.09335898756980895, 0.09140818372368813, 0.0906706604361534, 0.0886064487695694, 0.08752411141991616, 0.08511691227555275, 0.08732941329479217, 0.08695648148655892, 0.0845449873805046, 0.08276230186223983, 0.08182245805859566, 0.08408859565854072, 0.08011760227382184, 0.08017010323703289, 0.07796291187405587, 0.07699694730341435, 0.07533391341567039, 0.07550792701542378, 0.07581446424126626, 0.07329380013048649, 0.07094373829662799, 0.07055782735347747, 0.06912401303648949, 0.0691883035749197, 0.0687364487349987, 0.06847532063722611, 0.06821180783212184, 0.06584791548550128, 0.06516599074006081, 0.06256957024335862, 0.06420466050505638, 0.06235124237835407, 0.06276335142552852, 0.06091005742549896, 0.05954502284526825, 0.05749368913471699, 0.058571926951408386, 0.05763244964182377, 0.056328251212835315, 0.054800924435257914, 0.05384729817509651, 0.05608308531343937, 0.05371795691549778, 0.051762221455574034, 0.05206514462828636, 0.05045598343014717, 0.05074685752391815, 0.05120920546352863, 0.05003609530627728, 0.049924972727894784, 0.049350242540240286, 0.04697982236742973, 0.047279733568429946, 0.045232021920382975, 0.047834566831588744, 0.04352253891527653, 0.04264052949845791, 0.042813580930233, 0.04358371421694755, 0.04422612987458706, 0.040698506385087964, 0.039838052503764626, 0.0417828505858779, 0.0390058034285903, 0.040588515996932986, 0.03962136775255203, 0.03949485037475824, 0.03971003282815218, 0.03654551055282354, 0.03563600491732359, 0.03496586985886097, 0.036020699441432956, 0.037049877345561984, 0.034269391484558584, 0.03380168195813894, 0.03302120629698038, 0.032554530948400495, 0.03164409514516592, 0.032492614090442656], [0.7406492501497268, 0.4633448582887649, 0.42088437259197237, 0.39672016084194184, 0.3836120522022247, 0.3680105912685394, 0.35319080829620364, 0.3461832284927368, 0.33814754724502566, 0.3277601808309555, 0.3183052510023117, 0.31322371423244477, 0.305298222899437, 0.2988699895143509, 0.29134294092655183, 0.29114987075328824, 0.28330650508403776, 0.2784314274787903, 0.27496115148067474, 0.26692323297262194, 0.2614191997051239, 0.25591582149267195, 0.24949974298477173, 0.2595889258384705, 0.24645664811134338, 0.24508441090583802, 0.2371903306245804, 0.23207933753728865, 0.229065465927124, 0.22602906942367554, 0.22006772488355636, 0.22157832950353623, 0.21716347873210906, 0.21291983187198638, 0.21125423699617385, 0.20748970210552214, 0.20254022657871246, 0.20019382178783418, 0.1992958080768585, 0.19292977809906006, 0.1912624642252922, 0.18909904032945632, 0.18357260793447494, 0.18106553494930266, 0.17737055718898773, 0.17660290390253067, 0.17295753329992294, 0.17184328019618988, 0.16995957404375076, 0.16566233560442925, 0.16634953498840332, 0.16108544886112214, 0.15954685270786284, 0.1526757761836052, 0.15224096715450286, 0.1512358620762825, 0.14889146909117698, 0.15138035655021667, 0.14339123755693436, 0.14117376059293746, 0.14166184425354003, 0.141051232367754, 0.137109434902668, 0.13347755283117294, 0.13076298519968987, 0.13102406606078149, 0.12445928022265434, 0.13107906728982927, 0.12168444707989692, 0.11865345478057861, 0.11859723508358001, 0.11685856208205223, 0.11291213139891625, 0.11136516734957695, 0.11091756388545036, 0.10662853747606277, 0.109189243465662, 0.10281611040234566, 0.10767226278781891, 0.09957069471478462, 0.09948729172348976, 0.09904938623309135, 0.09758490830659866, 0.09823550701141358, 0.09478177964687347, 0.08935871079564095, 0.09157262340188027, 0.086907749325037, 0.08473793819546699, 0.08459989503026008, 0.08565117359161377, 0.08786799915134907, 0.08028450787067413, 0.0782737073302269, 0.07788180932402611, 0.07762864276766777, 0.07455549135804176, 0.07420235544443131, 0.07573721393942832, 0.07127687089145184, 0.07630987398326397, 0.07244988374412059, 0.07062313996255398, 0.06557385988533497, 0.06435722224414349, 0.06489483311772347, 0.0650022016465664, 0.05888207107782364, 0.05818114101886749, 0.0561973962187767, 0.058716600909829136, 0.057686373218894006, 0.05543686106801033, 0.058655442148447035, 0.05570996224880218, 0.05448414571583271, 0.052790958136320114, 0.05322265088558197, 0.04881247878074646, 0.04713861994445324, 0.04856932543218136, 0.04656485889106989, 0.04578115575015545, 0.04487903885543346, 0.04650790229439736, 0.044973472878336904, 0.03979899596422911, 0.0377587966248393, 0.03949130896478891, 0.0390732878819108, 0.038856712058186534, 0.0412386217713356, 0.036730893962085245, 0.03677010707557202, 0.0346744492650032, 0.03451285172253847, 0.03596813958138227, 0.03371990907937288, 0.03270076248794794, 0.03218195993453264, 0.030578226037323474, 0.033840667232871054, 0.029044393226504327, 0.0287917809933424, 0.027644746564328672, 0.027767229191958905, 0.030704376436769962, 0.024509624354541303, 0.025590771771967412, 0.02528396561741829, 0.02414595225825906, 0.027110723294317723, 0.02792920533567667, 0.02509133618324995, 0.021797097660601138, 0.0214608171582222, 0.02364507704973221, 0.0212970575876534, 0.019728491343557836, 0.021196995545178652, 0.0191073290258646, 0.017519338931888343, 0.020223987754434347, 0.019277083445340393, 0.018821321688592435, 0.018720202818512915, 0.017999206278473137, 0.015514369439333677, 0.015103364773094654, 0.016359204836189748, 0.017830472011119126, 0.015579993408173322, 0.016067074090242387, 0.014726642034947873, 0.015428006388247014, 0.014276057425886392, 0.015160967074334621, 0.013428341131657362, 0.012748466674238443, 0.014664126131683587, 0.013405581153929234, 0.011507716700434685, 0.01196565430611372, 0.012001639772206545, 0.02164263105019927, 0.014172141617164015, 0.010061915526166558, 0.01007064176723361, 0.011849421486258506, 0.009839652739465236, 0.009514433089643717, 0.010312543446198107, 0.008821609681472182, 0.009902805434539913, 0.00854599976912141, 0.009014079896733165, 0.008903016541153193, 0.008420513113960623, 0.010762888500466942, 0.008760090302675962], [0.7612467050552368, 0.4666304010152817, 0.4205014204978943, 0.38581298410892484, 0.36281192243099214, 0.3511357533931732, 0.3295802837610245, 0.3172122311592102, 0.30386312782764435, 0.2979853957891464, 0.2842194777727127, 0.2726383540034294, 0.2659771686792374, 0.25657805651426313, 0.25144351094961165, 0.24709553331136702, 0.23829345971345903, 0.23344302147626877, 0.2281811448931694, 0.23424140006303787, 0.21843141794204712, 0.21359896421432495, 0.20695208996534348, 0.20148356586694718, 0.20319531828165055, 0.19376981258392334, 0.18828611612319945, 0.1810803970694542, 0.18315644353628158, 0.17797695964574814, 0.16939452588558196, 0.16650429010391235, 0.16687132358551027, 0.16549318552017211, 0.1590295399725437, 0.1549431636929512, 0.15294324040412902, 0.14475899890065194, 0.14361680865287782, 0.1403844778239727, 0.13598694115877152, 0.1374298495054245, 0.13302662789821626, 0.12950073078274726, 0.12652162387967109, 0.12116715371608734, 0.11967117965221405, 0.1164109043776989, 0.11637357041239739, 0.10914314284920693, 0.1106104964017868, 0.10508137792348862, 0.10305945456027985, 0.10207520872354507, 0.09952587246894837, 0.09838687598705292, 0.09593051061034202, 0.10014749318361282, 0.09462869256734847, 0.08734932161867619, 0.08719653293490409, 0.08581184923648834, 0.08181662365794182, 0.07835627421736717, 0.07624203398823738, 0.0760950743407011, 0.07538923032581807, 0.07599936537444592, 0.06928307600319386, 0.06566355876624584, 0.06670312158763408, 0.06630446776747703, 0.0681114762276411, 0.06513880416750908, 0.06079047039151192, 0.060664981156587604, 0.056560030579566954, 0.05868693225085735, 0.05400342553853989, 0.05474937811493873, 0.054019740298390385, 0.053035231083631514, 0.05044536456465721, 0.04858747623860836, 0.04681532673537731, 0.054111183285713196, 0.04677337415516376, 0.043443112298846245, 0.04598617296665907, 0.044530938826501366, 0.04396780140697956, 0.039274160526692865, 0.04030915256589651, 0.03925763338804245, 0.04020283427089453, 0.034389627799391746, 0.03414562940597534, 0.04004084087908268, 0.035636825300753114, 0.03277874406427145, 0.029871410988271237, 0.029796730652451517, 0.030434322096407413, 0.026763220839202403, 0.028010593466460704, 0.02757532976567745, 0.025781707912683485, 0.025700240842998028, 0.027818885408341886, 0.029348892346024513, 0.02750294964760542, 0.027986848652362825, 0.024307979196310045, 0.02258435320109129, 0.021206068936735392, 0.020579303223639725, 0.020229136515408756, 0.018465410694479944, 0.03266449041664601, 0.032766876481473445, 0.029827904626727103, 0.01961587231606245, 0.019645583350211382, 0.01814479975029826, 0.014779950082302094, 0.015257270336151122, 0.014550480935722589, 0.015257369726896286, 0.01594572214409709, 0.01482805110514164, 0.015898492746055128, 0.01677935406565666, 0.018889752700924873, 0.01510831842198968, 0.01826410325244069, 0.023646520525217055, 0.021262865383177995, 0.023130266685038803, 0.02103140879422426, 0.016377659570425748, 0.012120984327048064, 0.010414006039500236, 0.011193250119686127, 0.009440101319923996, 0.008224757527932525, 0.009147328045219182, 0.014877353869378567, 0.014698853734880685, 0.011585641345009208, 0.008796741869300604, 0.008871951960027219, 0.009766273209825158, 0.008890858441591263, 0.007414798755198717, 0.007921040803194047, 0.007216008733958006, 0.006580472756177187, 0.007266221782192588, 0.007019377974793315, 0.008500821497291327, 0.01932594120502472, 0.06880167983472348, 0.031762775219976905, 0.018001529108732938, 0.009197879815474153, 0.006641865763813257, 0.005765413539484144, 0.006397504964843393, 0.005728978319093585, 0.0050046541821211574, 0.004683233732357621, 0.004196358784101903, 0.005771769215352833, 0.004362254724837839, 0.004242499554529786, 0.00412488351110369, 0.006391477980650961, 0.0051065920758992436, 0.0038160590175539254, 0.003354666195809841, 0.0034312060987576843, 0.003675091513432562, 0.003548218565993011, 0.0029674898693338035, 0.0028212508885189893, 0.003942979988642037, 0.022394786444492637, 0.036798398792743686, 0.02498996865004301, 0.01970809616148472, 0.009596791379153728, 0.009200437981635333, 0.006102675539441407, 0.003793371585197747, 0.002906164571177214, 0.002694055896718055, 0.002728369692340493, 0.0027580242743715645, 0.002279509073123336, 0.002235281735192984], [0.7634913223981857, 0.4710614371299744, 0.4245531570911407, 0.38919769406318666, 0.3636844849586487, 0.3513328218460083, 0.33065224647521974, 0.3160251516103745, 0.30308634638786314, 0.2896954506635666, 0.27967111945152284, 0.2716785481572151, 0.2641934338212013, 0.25520960420370103, 0.24933889538049697, 0.24585169613361357, 0.2354835855960846, 0.23037916153669358, 0.22779569447040557, 0.22349405497312547, 0.21550219625234604, 0.20843264251947402, 0.20252383410930633, 0.20013040512800218, 0.19446024984121324, 0.18818504363298416, 0.18746043711900712, 0.1807311952114105, 0.17995687156915666, 0.17819421470165253, 0.16790367320179939, 0.17183921098709107, 0.165039826631546, 0.1571366912126541, 0.15436761558055878, 0.15294468268752098, 0.14581998005509378, 0.14339357540011405, 0.14548492759466172, 0.1426768684387207, 0.14495534509420394, 0.13379769369959832, 0.12692120298743248, 0.12484369710087777, 0.12555306270718575, 0.12251417636871338, 0.12284114494919778, 0.1145430290699005, 0.1149109211564064, 0.1120044857263565, 0.10770909562706947, 0.10646564185619355, 0.1024677599966526, 0.10070274829864502, 0.09834760457277297, 0.09752118393778801, 0.09876349717378616, 0.09225214868783951, 0.09056412518024444, 0.08661489948630333, 0.08247549690306187, 0.08620528042316437, 0.08169097743928433, 0.07819036021828651, 0.07947658434510231, 0.07465531751513481, 0.07381951376795769, 0.07209006316959858, 0.07293066829442978, 0.06773326434195041, 0.0656878075748682, 0.06574554026126861, 0.062047940343618393, 0.06261313505470753, 0.06211768507957458, 0.05737643860280514, 0.06388552367687225, 0.056503988578915594, 0.05625301904976368, 0.05615550830960274, 0.04959135420620441, 0.0502328310161829, 0.04843831814825535, 0.045513714365661144, 0.047146204635500906, 0.0482709264755249, 0.04900173865258694, 0.04837162002921105, 0.044644292555749414, 0.0423496912792325, 0.03989652521908283, 0.03787200760096312, 0.036244924925267694, 0.036564365327358246, 0.03935520082712173, 0.03723888333886862, 0.037224838063120845, 0.03052217833697796, 0.03474470842629671, 0.03785788577049971, 0.031723993644118306, 0.028937357030808925, 0.033376552388072016, 0.028848956786096096, 0.02652391966432333, 0.0271202639862895, 0.029273693934082985, 0.024899768829345702, 0.024115941300988198, 0.025619516521692275, 0.02269494308158755, 0.023247859850525857, 0.024360494259744882, 0.021941002681851385, 0.02367098320275545, 0.024159950986504555, 0.022037964835762976, 0.020990439858287573, 0.020332497507333756, 0.024040625356137754, 0.020303801372647284, 0.01814487177878618, 0.017179312631487847, 0.016516027934849263, 0.018711503352969883, 0.016742712762206794, 0.016020153965801, 0.015049977470189333, 0.01630478199571371, 0.01613783596083522, 0.013274673111736775, 0.024610679168254136, 0.031570125985890624, 0.019868369847536087, 0.015256390701979398, 0.010998834054917098, 0.012076501566916704, 0.01922013411298394, 0.012089254520833492, 0.009087531706318258, 0.009333792645484208, 0.00971875204704702, 0.00849385153502226, 0.007897136947140098, 0.007795292641967535, 0.007507162606343627, 0.009064703090116382, 0.016895232368260623, 0.011481572380289436, 0.009283754033967853, 0.009231584165245294, 0.007342999195680022, 0.008584765801206231, 0.008907100735232234, 0.0068094411306083204, 0.006137902149930596, 0.008679298143833876, 0.07185171782970429, 0.04133616141974926, 0.02001927759498358, 0.01513867788016796, 0.009300700118765236, 0.0066107923910021784, 0.005964712370187044, 0.005411791796796024, 0.005010725338943303, 0.004835694516077638, 0.004829678586684167, 0.004703722023405135, 0.005836657141335308, 0.005142167722806334, 0.004704697369597852, 0.004285936974920333, 0.0047542117303237316, 0.004025765443220735, 0.0035870086401700975, 0.003435027627274394, 0.0032775322115048766, 0.0032776761380955578, 0.003545536496676505, 0.004539843243546784, 0.004390939045697451, 0.0032123756036162377, 0.02758715829346329, 0.05761571304872632, 0.04157747706398368, 0.028808005433529616, 0.010441639572381973, 0.00735599628649652, 0.004344110977835953, 0.0034604960028082133, 0.0032221435336396097, 0.003518900889903307, 0.003225238872691989, 0.003020901666022837, 0.002930656298995018, 0.002731726244091988, 0.0027815198386088014, 0.00301465371157974, 0.0029491767100989818], [0.7790835654735565, 0.4853741759061813, 0.4314512687921524, 0.40391102612018587, 0.3826990765333176, 0.36374071598052976, 0.34499244928359984, 0.3302750313282013, 0.31991094768047335, 0.3050363200902939, 0.29496522367000577, 0.2920073729753494, 0.2829610300064087, 0.2727249476313591, 0.26710407763719557, 0.25932357609272005, 0.24836894929409026, 0.24763203620910645, 0.24073111444711684, 0.22898261487483978, 0.22596777021884917, 0.2212418168783188, 0.2162750843167305, 0.21057288587093353, 0.202595277428627, 0.2007876119017601, 0.19787336498498917, 0.19106641560792922, 0.18991003364324568, 0.18141701370477675, 0.17529786229133607, 0.17311090499162674, 0.16836233258247377, 0.16809616059064866, 0.16133714199066163, 0.1556150758266449, 0.15262684166431428, 0.15233329057693482, 0.14726695850491522, 0.14533003583550452, 0.1440364073216915, 0.13907604828476905, 0.13708243727684022, 0.13177843779325485, 0.1280889816582203, 0.12266926497220992, 0.11951415330171584, 0.11975720301270484, 0.1183294415473938, 0.11163626760244369, 0.10983804702758788, 0.10475518792867661, 0.10600960090756416, 0.10377439588308335, 0.10143433094024658, 0.09514858648180961, 0.09681101366877556, 0.09501469641923904, 0.09336485713720322, 0.0935341203212738, 0.08768816590309143, 0.08561970293521881, 0.08219294875860214, 0.07807328827679157, 0.0789041243493557, 0.0761008819937706, 0.07388367727398873, 0.07223197303712368, 0.07084891766309738, 0.06963528975844384, 0.06639406599104404, 0.06601821273565292, 0.06444310821592808, 0.06598028145730496, 0.05961500659584999, 0.05870953522622585, 0.05917517319321632, 0.05656391769647598, 0.05469029612839222, 0.05412217974662781, 0.05250236414372921, 0.05245695322751999, 0.05200324542820454, 0.05073700115084648, 0.04527774438261986, 0.04797957323491573, 0.045647207200527194, 0.04625463917851448, 0.04175084929913282, 0.040762014761567114, 0.040130540616810324, 0.038472733199596404, 0.0373949533700943, 0.03740446325391531, 0.03470108211040497, 0.03572693895548582, 0.032774393782019615, 0.03303054373711348, 0.03385321773588657, 0.03020655371248722, 0.03241304147988558, 0.030599374510347842, 0.02965272106230259, 0.02898643273860216, 0.026776101365685465, 0.0239739534445107, 0.02552691724151373, 0.03093784026801586, 0.025182018540799617, 0.023215399160981177, 0.02236957035958767, 0.023724501579999925, 0.020251780170947312, 0.01976224932819605, 0.021006002724170685, 0.018020437750965356, 0.02008089913055301, 0.017360526788979768, 0.01909134354442358, 0.020045342650264503, 0.018205788675695656, 0.01789298141375184, 0.016728920079767704, 0.018633978106081486, 0.01766999376937747, 0.014432377740740776, 0.015270559228956699, 0.015122979171574116, 0.01562480241060257, 0.015470459796488286, 0.01248406633734703, 0.011698797950521112, 0.011466120332479478, 0.011551479026675224, 0.013091475404798984, 0.013857362009584904, 0.011019726432859898, 0.011322006387636065, 0.011224678670987486, 0.009896581191569567, 0.014498305432498455, 0.009653636170551181, 0.008464236250147224, 0.007850282359868288, 0.007365870326757431, 0.009572871560230851, 0.009260595599189401, 0.007918449174612761, 0.00811469294130802, 0.007963896449655294, 0.010588082112371921, 0.023678239099681378, 0.024361412040889263, 0.024021516963839532, 0.021887805406004192, 0.011467953408136965, 0.006299464777112007, 0.004637268525548279, 0.0048867765860632064, 0.005451546586118639, 0.005007683048024774, 0.0045444540726020935, 0.004544898518361151, 0.0056217758264392615, 0.005499089788645506, 0.007558210222050547, 0.0063442856632173064, 0.005655332305468619, 0.004839038345962763, 0.004667868013493717, 0.003911147867329419, 0.0035942129883915186, 0.004791420833207667, 0.005165174743160606, 0.007381981932558119, 0.013283928018063306, 0.009770050887018442, 0.009602441862225532, 0.007816559942439199, 0.006231115404516458, 0.004120152126997709, 0.002563163936138153, 0.002560157591942698, 0.0027158861537463965, 0.0034514639712870123, 0.004186742152087391, 0.0029994351509958508, 0.003401619717478752, 0.003623593021184206, 0.0024032769724726677, 0.0022142479522153733, 0.0018735933606512844, 0.0017028662748634815, 0.001679168667178601, 0.0022291371948085724, 0.0016130983410403133, 0.0017809973820112645, 0.008881536170374602, 0.0676746404543519, 0.05044756483286619], [0.7050618416070938, 0.4612924790382385, 0.42425303518772123, 0.4099375653266907, 0.3856963300704956, 0.3808355641365051, 0.36993204593658446, 0.35743127822875975, 0.34942306458950045, 0.34187008798122404, 0.3399370801448822, 0.329520902633667, 0.32756491005420685, 0.31911545813083647, 0.3142499613761902, 0.3067383027076721, 0.3047364628314972, 0.2993088835477829, 0.2985101470351219, 0.29040064454078673, 0.28565498530864714, 0.28149963915348053, 0.27821316599845886, 0.28227395862340926, 0.2747173315286636, 0.26570982426404954, 0.26305183708667756, 0.26237464815378186, 0.254723374247551, 0.2554242771863937, 0.25389338195323946, 0.24768300622701644, 0.24535380959510802, 0.24477967977523804, 0.24452376276254653, 0.23695480048656464, 0.2449153482913971, 0.24238017588853836, 0.23214222133159637, 0.22807118207216262, 0.22873682230710984, 0.22199921816587448, 0.21969132184982298, 0.21637210100889206, 0.2145848262310028, 0.21327763944864273, 0.21164633542299272, 0.21018112152814866, 0.20865568697452544, 0.2046260142326355, 0.20038473665714263, 0.20306399196386338, 0.20041641533374788, 0.19673504084348678, 0.19625962942838668, 0.19273831635713579, 0.1916373348236084, 0.1868000316619873, 0.18528892666101457, 0.18716424077749252, 0.18397362202405929, 0.18752022206783295, 0.1858458188176155, 0.17934655100107194, 0.17275237053632736, 0.17591122210025786, 0.16929867446422578, 0.17170064955949782, 0.16575194299221038, 0.1666795229911804, 0.170986784696579, 0.16837307542562485, 0.1653426879644394, 0.16157504826784133, 0.1575067687034607, 0.15906772285699844, 0.15202578216791152, 0.15199030965566634, 0.1566293255984783, 0.148066216558218, 0.1499290171265602, 0.14666379407048225, 0.14506920143961907, 0.14577986657619477, 0.14560250610113143, 0.14172422632575035, 0.14626000851392745, 0.14140668019652367, 0.1376211152970791, 0.14110054716467857, 0.14314654514193534, 0.13581054896116257, 0.13243256092071534, 0.13012262016534806, 0.1356736961007118, 0.13165323048830033, 0.1279248233139515, 0.12605575427412988, 0.12505173176527024, 0.12337844163179397, 0.12894054770469665, 0.11706574976444245, 0.12440753921866417, 0.12334260061383247, 0.1166637097299099, 0.1140873171389103, 0.11450037240982056, 0.11476407349109649, 0.1153297072649002, 0.11074923723936081, 0.10929524496197701, 0.11284447073936463, 0.11157087951898575, 0.10887694582343102, 0.11680508494377136, 0.10680685833096504, 0.11124113619327546, 0.10865591689944268, 0.10129487335681915, 0.10074633955955506, 0.10095610588788986, 0.10779979571700096, 0.09998766526579857, 0.09671217292547225, 0.09525649666786194, 0.093768679946661, 0.09495364680886269, 0.09113707453012466, 0.08818987980484963, 0.09111025661230088, 0.08931069448590279, 0.08675858423113823, 0.0948183362185955, 0.09151199951767922, 0.09204179883003234, 0.08549818411469459, 0.08302562460303306, 0.09116864666342735, 0.08201902359724045, 0.08411188565194606, 0.08907969936728477, 0.08597662143409252, 0.08239619597792626, 0.07639117993414402, 0.07592182204127312, 0.0760572937130928, 0.0776620702445507, 0.07315835013985633, 0.07684275269508362, 0.07816535174846649, 0.07050336383283139, 0.07185190834105015, 0.07236088551580906, 0.0763664036989212, 0.06976459577679633, 0.06646523103117943, 0.06793435387313367, 0.07288309492170811, 0.06962862581014634, 0.07034053131937981, 0.06618034511804581, 0.06199279300868511, 0.06521644875407219, 0.061346180960536005, 0.05934753835201263, 0.06223441854119301, 0.06465765789151191, 0.06188844330608845, 0.060976381301879885, 0.05961157999932766, 0.05794525370001793, 0.05636003024876118, 0.059448081776499746, 0.05985890634357929, 0.05672952599823475, 0.060147900953888896, 0.05853403776884079, 0.0533282084017992, 0.05770224206149578, 0.06101708248257637, 0.052895454540848735, 0.05173811681568623, 0.05083849869668484, 0.051959051489830016, 0.048135058209300044, 0.0554555956274271, 0.0536388324201107, 0.04977330029010773, 0.045850631669163706, 0.0469166038185358, 0.0434561662375927, 0.0427870300039649, 0.04174361161887646, 0.04695145457983017, 0.046639867797493934, 0.040435735583305356, 0.04033940728753805, 0.04423801556229592, 0.045292566381394866, 0.04178106535226107]]
